<?xml version="1.0" encoding="UTF-8"?>
<!-- Generated by org.testng.reporters.JUnitReportReporter -->
<testsuite skipped="0" hostname="sangeeth-s" name="testngpackage.HealthInsurance" tests="1" failures="0" timestamp="2022-06-23T20:37:00 IST" time="0.026" errors="0">
  <testcase name="mobileLogin" time="0.026" classname="testngpackage.HealthInsurance"/>
  <system-out/>
</testsuite> <!-- testngpackage.HealthInsurance -->
