<?xml version="1.0" encoding="UTF-8"?>
<!-- Generated by org.testng.reporters.JUnitReportReporter -->
<testsuite skipped="0" hostname="sangeeth-s" name="testngpackage.VehicleInsurance" tests="4" failures="0" timestamp="2022-06-23T17:50:51 IST" time="0.012" errors="0">
  <testcase name="mobileLogout" time="0.002" classname="testngpackage.VehicleInsurance"/>
  <system-out/>
  <testcase name="mobileLogin" time="0.002" classname="testngpackage.VehicleInsurance"/>
  <system-out/>
  <testcase name="webLogout" time="0.003" classname="testngpackage.VehicleInsurance"/>
  <system-out/>
  <testcase name="webLogin" time="0.005" classname="testngpackage.VehicleInsurance"/>
  <system-out/>
</testsuite> <!-- testngpackage.VehicleInsurance -->
