<?xml version="1.0" encoding="UTF-8"?>
<!-- Generated by org.testng.reporters.JUnitReportReporter -->
<testsuite skipped="0" hostname="sangeeth-s" name="testngpackage.DataProviderParameter" tests="1" failures="0" timestamp="2022-06-27T11:52:49 IST" time="0.024" errors="0">
  <testcase name="pgm" time="0.024" classname="testngpackage.DataProviderParameter"/>
  <system-out/>
</testsuite> <!-- testngpackage.DataProviderParameter -->
