<?xml version="1.0" encoding="UTF-8"?>
<!-- Generated by org.testng.reporters.JUnitReportReporter -->
<testsuite skipped="0" hostname="sangeeth-s" name="testngpackage.TestNGFirstProgram" tests="1" failures="0" timestamp="2022-06-22T16:24:26 IST" time="0.019" errors="0">
  <testcase name="firstProgram" time="0.019" classname="testngpackage.TestNGFirstProgram"/>
  <system-out/>
</testsuite> <!-- testngpackage.TestNGFirstProgram -->
