<?xml version="1.0" encoding="UTF-8"?>
<!-- Generated by org.testng.reporters.JUnitReportReporter -->
<testsuite skipped="0" hostname="sangeeth-s" name="testngpackage.HealthInsurance" tests="4" failures="0" timestamp="2022-06-27T11:50:44 IST" time="0.030" errors="0">
  <testcase name="mobileLogout" time="0.006" classname="testngpackage.HealthInsurance"/>
  <system-out/>
  <testcase name="mobileLogin" time="0.005" classname="testngpackage.HealthInsurance"/>
  <system-out/>
  <testcase name="webLogin" time="0.014" classname="testngpackage.HealthInsurance"/>
  <system-out/>
  <testcase name="webLogout" time="0.005" classname="testngpackage.HealthInsurance"/>
  <system-out/>
</testsuite> <!-- testngpackage.HealthInsurance -->
