<?xml version="1.0" encoding="UTF-8"?>
<!-- Generated by org.testng.reporters.JUnitReportReporter -->
<testsuite skipped="0" hostname="sangeeth-s" name="testngpackage.HomeInsurance" tests="4" failures="0" timestamp="2022-06-27T11:50:44 IST" time="0.031" errors="0">
  <testcase name="mobileLogout" time="0.010" classname="testngpackage.HomeInsurance"/>
  <system-out/>
  <testcase name="webLogout" time="0.002" classname="testngpackage.HomeInsurance"/>
  <system-out/>
  <testcase name="mobileLogin" time="0.012" classname="testngpackage.HomeInsurance"/>
  <system-out/>
  <testcase name="webLogin" time="0.007" classname="testngpackage.HomeInsurance"/>
  <system-out/>
</testsuite> <!-- testngpackage.HomeInsurance -->
